<?xml version='1.0' encoding='UTF-8'?>
<testsuite hostname="MacBook-Pro-Mikhail.local" name="com.github.mrpowers.my.cool.project.MannersSpec" tests="1" errors="0" failures="0" skipped="0" time="6.692" timestamp="2020-09-30T16:47:05">
                     <properties>
[...]
</properties>
                     <testcase classname="com.github.mrpowers.my.cool.project.MannersSpec" name=".happyData appends a happy column to a DataFrame" time="6.692">
                                                 
                                               </testcase>
                     <system-out><![CDATA[]]></system-out>
                     <system-err><![CDATA[]]></system-err>
                   </testsuite>